2026-02-27 11:45:55.591  INFO --- [main] c.t.b.Batch15ApplicationTests            : Starting Batch15ApplicationTests using Java 25.0.2 with PID 18392 (started by rajas in C:\SpringBoot-Project\batch15)
2026-02-27 11:45:55.605 DEBUG --- [main] c.t.b.Batch15ApplicationTests            : Running with Spring Boot v4.0.2, Spring v7.0.3
2026-02-27 11:45:55.607  INFO --- [main] c.t.b.Batch15ApplicationTests            : The following 1 profile is active: "QA"
2026-02-27 11:45:57.310  INFO --- [main] .s.d.r.c.RepositoryConfigurationDelegate : Bootstrapping Spring Data JPA repositories in DEFAULT mode.
2026-02-27 11:45:57.684  INFO --- [main] .s.d.r.c.RepositoryConfigurationDelegate : Finished Spring Data repository scanning in 355 ms. Found 8 JPA repository interfaces.
2026-02-27 11:45:58.076  INFO --- [main] o.s.c.c.s.GenericScope                   : BeanFactory id=2c5f488d-5fc4-37de-a110-70cc1fe3245c
2026-02-27 11:45:58.475  INFO --- [main] c.z.h.HikariDataSource                   : HikariPool-1 - Starting...
2026-02-27 11:45:58.771  INFO --- [main] c.z.h.p.HikariPool                       : HikariPool-1 - Added connection conn0: url=jdbc:h2:mem:7ca78468-e861-4fec-95de-6e34e13c80e8 user=SA
2026-02-27 11:45:58.774  INFO --- [main] c.z.h.HikariDataSource                   : HikariPool-1 - Start completed.
2026-02-27 11:45:58.819  INFO --- [main] o.h.o.jpa                                : HHH008540: Processing PersistenceUnitInfo [name: default]
2026-02-27 11:45:58.909  INFO --- [main] o.h.o.core                               : HHH000001: Hibernate ORM core version 7.2.1.Final
2026-02-27 11:45:59.499  INFO --- [main] o.s.o.j.p.SpringPersistenceUnitInfo      : No LoadTimeWeaver setup: ignoring JPA class transformer
2026-02-27 11:45:59.558  WARN --- [main] o.h.o.deprecation                        : HHH90000025: H2Dialect does not need to be specified explicitly using 'hibernate.dialect' (remove the property setting and it will be selected by default)
2026-02-27 11:45:59.578  INFO --- [main] o.h.o.c.pooling                          : HHH10001005: Database info:
	Database JDBC URL [jdbc:h2:mem:7ca78468-e861-4fec-95de-6e34e13c80e8]
	Database driver: H2 JDBC Driver
	Database dialect: H2Dialect
	Database version: 2.4.240
	Default catalog/schema: 7CA78468-E861-4FEC-95DE-6E34E13C80E8/PUBLIC
	Autocommit mode: undefined/unknown
	Isolation level: READ_COMMITTED [default READ_COMMITTED]
	JDBC fetch size: 100
	Pool: DataSourceConnectionProvider
	Minimum pool size: undefined/unknown
	Maximum pool size: undefined/unknown
2026-02-27 11:46:00.935  INFO --- [main] o.h.o.core                               : HHH000489: No JTA platform available (set 'hibernate.transaction.jta.platform' to enable JTA platform integration)
2026-02-27 11:46:01.028  INFO --- [main] j.LocalContainerEntityManagerFactoryBean : Initialized JPA EntityManagerFactory for persistence unit 'default'
2026-02-27 11:46:01.181  INFO --- [main] o.s.d.j.r.q.QueryEnhancerFactories       : Hibernate is in classpath; If applicable, HQL parser will be used.
2026-02-27 11:46:03.351  WARN --- [main] JpaBaseConfiguration$JpaWebConfiguration : spring.jpa.open-in-view is enabled by default. Therefore, database queries may be performed during view rendering. Explicitly configure spring.jpa.open-in-view to disable this warning
2026-02-27 11:46:04.439  INFO --- [main] o.s.b.h.a.H2ConsoleAutoConfiguration     : H2 console available at '/h2-console'. Database available at 'jdbc:h2:mem:7ca78468-e861-4fec-95de-6e34e13c80e8'
2026-02-27 11:46:04.656  INFO --- [main] o.s.b.a.e.w.EndpointLinksResolver        : Exposing 1 endpoint beneath base path '/actuator'
2026-02-27 11:46:04.807  INFO --- [main] c.t.b.Batch15ApplicationTests            : Started Batch15ApplicationTests in 9.752 seconds (process running for 11.986)
2026-02-27 11:46:05.384  INFO --- [main] t.c.s.AnnotationConfigContextLoaderUtils : Could not detect default configuration classes for test class [com.tejait.batch15.controller.EmployeeControllerTests]: EmployeeControllerTests does not declare any static, non-private, non-final, nested classes annotated with @Configuration.
2026-02-27 11:46:05.455  INFO --- [main] .b.t.c.SpringBootTestContextBootstrapper : Found @SpringBootConfiguration com.tejait.batch15.Batch15Application for test class com.tejait.batch15.controller.EmployeeControllerTests
2026-02-27 11:46:05.472  INFO --- [main] o.s.b.d.r.RestartApplicationListener     : Restart disabled due to context in which it is running
2026-02-27 11:46:05.537  INFO --- [main] c.t.b.c.EmployeeControllerTests          : Starting EmployeeControllerTests using Java 25.0.2 with PID 18392 (started by rajas in C:\SpringBoot-Project\batch15)
2026-02-27 11:46:05.538 DEBUG --- [main] c.t.b.c.EmployeeControllerTests          : Running with Spring Boot v4.0.2, Spring v7.0.3
2026-02-27 11:46:05.539  INFO --- [main] c.t.b.c.EmployeeControllerTests          : The following 1 profile is active: "QA"
2026-02-27 11:46:06.207  INFO --- [main] o.s.b.t.m.w.SpringBootMockServletContext : Initializing Spring TestDispatcherServlet ''
2026-02-27 11:46:06.207  INFO --- [main] o.s.t.w.s.TestDispatcherServlet          : Initializing Servlet ''
2026-02-27 11:46:06.210  INFO --- [main] o.s.t.w.s.TestDispatcherServlet          : Completed initialization in 1 ms
2026-02-27 11:46:06.232  INFO --- [main] c.t.b.c.EmployeeControllerTests          : Started EmployeeControllerTests in 0.76 seconds (process running for 13.411)
2026-02-27 11:46:06.529  INFO --- [main] t.c.s.AnnotationConfigContextLoaderUtils : Could not detect default configuration classes for test class [com.tejait.batch15.it.EmployeeControllerITTests]: EmployeeControllerITTests does not declare any static, non-private, non-final, nested classes annotated with @Configuration.
2026-02-27 11:46:06.554  INFO --- [main] .b.t.c.SpringBootTestContextBootstrapper : Found @SpringBootConfiguration com.tejait.batch15.Batch15Application for test class com.tejait.batch15.it.EmployeeControllerITTests
2026-02-27 11:46:06.560  INFO --- [main] o.s.b.d.r.RestartApplicationListener     : Restart disabled due to context in which it is running
2026-02-27 11:46:06.628  INFO --- [main] c.t.b.i.EmployeeControllerITTests        : Starting EmployeeControllerITTests using Java 25.0.2 with PID 18392 (started by rajas in C:\SpringBoot-Project\batch15)
2026-02-27 11:46:06.629 DEBUG --- [main] c.t.b.i.EmployeeControllerITTests        : Running with Spring Boot v4.0.2, Spring v7.0.3
2026-02-27 11:46:06.630  INFO --- [main] c.t.b.i.EmployeeControllerITTests        : The following 1 profile is active: "QA"
2026-02-27 11:46:07.140  INFO --- [main] .s.d.r.c.RepositoryConfigurationDelegate : Bootstrapping Spring Data JPA repositories in DEFAULT mode.
2026-02-27 11:46:07.167  INFO --- [main] .s.d.r.c.RepositoryConfigurationDelegate : Finished Spring Data repository scanning in 23 ms. Found 8 JPA repository interfaces.
2026-02-27 11:46:07.314  INFO --- [main] o.s.c.c.s.GenericScope                   : BeanFactory id=ad8f16f2-65d0-3e17-bffe-02521483b74c
2026-02-27 11:46:07.591  INFO --- [main] o.s.b.t.TomcatWebServer                  : Tomcat initialized with port 0 (http)
2026-02-27 11:46:07.616  INFO --- [main] o.a.c.h.Http11NioProtocol                : Initializing ProtocolHandler ["http-nio-auto-1"]
2026-02-27 11:46:07.617  INFO --- [main] o.a.c.c.StandardService                  : Starting service [Tomcat]
2026-02-27 11:46:07.617  INFO --- [main] o.a.c.c.StandardEngine                   : Starting Servlet engine: [Apache Tomcat/11.0.15]
2026-02-27 11:46:07.731  INFO --- [main] b.w.c.s.WebApplicationContextInitializer : Root WebApplicationContext: initialization completed in 1097 ms
2026-02-27 11:46:07.924  INFO --- [main] c.z.h.HikariDataSource                   : HikariPool-2 - Starting...
2026-02-27 11:46:07.930  INFO --- [main] c.z.h.p.HikariPool                       : HikariPool-2 - Added connection conn10: url=jdbc:h2:mem:ffd9433a-951c-4891-b4ff-e26798acfe62 user=SA
2026-02-27 11:46:07.930  INFO --- [main] c.z.h.HikariDataSource                   : HikariPool-2 - Start completed.
2026-02-27 11:46:07.933  INFO --- [main] o.h.o.jpa                                : HHH008540: Processing PersistenceUnitInfo [name: default]
2026-02-27 11:46:07.967  INFO --- [main] o.s.o.j.p.SpringPersistenceUnitInfo      : No LoadTimeWeaver setup: ignoring JPA class transformer
2026-02-27 11:46:07.968  WARN --- [main] o.h.o.deprecation                        : HHH90000025: H2Dialect does not need to be specified explicitly using 'hibernate.dialect' (remove the property setting and it will be selected by default)
2026-02-27 11:46:07.969  INFO --- [main] o.h.o.c.pooling                          : HHH10001005: Database info:
	Database JDBC URL [jdbc:h2:mem:ffd9433a-951c-4891-b4ff-e26798acfe62]
	Database driver: H2 JDBC Driver
	Database dialect: H2Dialect
	Database version: 2.4.240
	Default catalog/schema: FFD9433A-951C-4891-B4FF-E26798ACFE62/PUBLIC
	Autocommit mode: undefined/unknown
	Isolation level: READ_COMMITTED [default READ_COMMITTED]
	JDBC fetch size: 100
	Pool: DataSourceConnectionProvider
	Minimum pool size: undefined/unknown
	Maximum pool size: undefined/unknown
2026-02-27 11:46:08.051  INFO --- [main] o.h.o.core                               : HHH000489: No JTA platform available (set 'hibernate.transaction.jta.platform' to enable JTA platform integration)
2026-02-27 11:46:08.070  INFO --- [main] j.LocalContainerEntityManagerFactoryBean : Initialized JPA EntityManagerFactory for persistence unit 'default'
2026-02-27 11:46:08.405  WARN --- [main] JpaBaseConfiguration$JpaWebConfiguration : spring.jpa.open-in-view is enabled by default. Therefore, database queries may be performed during view rendering. Explicitly configure spring.jpa.open-in-view to disable this warning
2026-02-27 11:46:08.637  INFO --- [main] o.s.b.h.a.H2ConsoleAutoConfiguration     : H2 console available at '/h2-console'. Database available at 'jdbc:h2:mem:ffd9433a-951c-4891-b4ff-e26798acfe62'
2026-02-27 11:46:08.677  INFO --- [main] o.a.c.c.C.[.[.[/]                        : Initializing Spring TestDispatcherServlet ''
2026-02-27 11:46:08.677  INFO --- [main] o.s.t.w.s.TestDispatcherServlet          : Initializing Servlet ''
2026-02-27 11:46:08.681  INFO --- [main] o.s.b.a.e.w.EndpointLinksResolver        : Exposing 1 endpoint beneath base path '/actuator'
2026-02-27 11:46:08.689  INFO --- [main] o.s.t.w.s.TestDispatcherServlet          : Completed initialization in 12 ms
2026-02-27 11:46:08.738  INFO --- [main] o.a.c.h.Http11NioProtocol                : Starting ProtocolHandler ["http-nio-auto-1"]
2026-02-27 11:46:08.773  INFO --- [main] o.s.b.t.TomcatWebServer                  : Tomcat started on port 58425 (http) with context path '/'
2026-02-27 11:46:08.784  INFO --- [main] c.t.b.i.EmployeeControllerITTests        : Started EmployeeControllerITTests in 2.224 seconds (process running for 15.963)
2026-02-27 11:46:08.959  INFO --- [main] t.c.s.AnnotationConfigContextLoaderUtils : Could not detect default configuration classes for test class [com.tejait.batch15.repository.EmployeeRepositoryTests]: EmployeeRepositoryTests does not declare any static, non-private, non-final, nested classes annotated with @Configuration.
2026-02-27 11:46:09.031  INFO --- [main] .b.t.c.SpringBootTestContextBootstrapper : Found @SpringBootConfiguration com.tejait.batch15.Batch15Application for test class com.tejait.batch15.repository.EmployeeRepositoryTests
2026-02-27 11:46:09.036  INFO --- [main] o.s.b.d.r.RestartApplicationListener     : Restart disabled due to context in which it is running
2026-02-27 11:46:09.084  INFO --- [main] c.t.b.r.EmployeeRepositoryTests          : Starting EmployeeRepositoryTests using Java 25.0.2 with PID 18392 (started by rajas in C:\SpringBoot-Project\batch15)
2026-02-27 11:46:09.085 DEBUG --- [main] c.t.b.r.EmployeeRepositoryTests          : Running with Spring Boot v4.0.2, Spring v7.0.3
2026-02-27 11:46:09.085  INFO --- [main] c.t.b.r.EmployeeRepositoryTests          : The following 1 profile is active: "QA"
2026-02-27 11:46:09.201  INFO --- [main] .s.d.r.c.RepositoryConfigurationDelegate : Bootstrapping Spring Data JPA repositories in DEFAULT mode.
2026-02-27 11:46:09.250  INFO --- [main] .s.d.r.c.RepositoryConfigurationDelegate : Finished Spring Data repository scanning in 44 ms. Found 8 JPA repository interfaces.
2026-02-27 11:46:09.268  INFO --- [main] beddedDataSourceBeanFactoryPostProcessor : Replacing 'dataSource' DataSource bean with embedded version
2026-02-27 11:46:09.293  INFO --- [main] o.s.j.d.e.EmbeddedDatabaseFactory        : Starting embedded database: url='jdbc:h2:mem:61fc02c8-cd30-4c06-b42e-5dbc9617c7f8;DB_CLOSE_DELAY=-1;DB_CLOSE_ON_EXIT=false', username='sa'
2026-02-27 11:46:09.326  INFO --- [main] o.h.o.jpa                                : HHH008540: Processing PersistenceUnitInfo [name: default]
2026-02-27 11:46:09.351  INFO --- [main] o.s.o.j.p.SpringPersistenceUnitInfo      : No LoadTimeWeaver setup: ignoring JPA class transformer
2026-02-27 11:46:09.353  WARN --- [main] o.h.o.deprecation                        : HHH90000025: H2Dialect does not need to be specified explicitly using 'hibernate.dialect' (remove the property setting and it will be selected by default)
2026-02-27 11:46:09.354  INFO --- [main] o.h.o.c.pooling                          : HHH10001005: Database info:
	Database JDBC URL [jdbc:h2:mem:61fc02c8-cd30-4c06-b42e-5dbc9617c7f8]
	Database driver: H2 JDBC Driver
	Database dialect: H2Dialect
	Database version: 2.4.240
	Default catalog/schema: 61FC02C8-CD30-4C06-B42E-5DBC9617C7F8/PUBLIC
	Autocommit mode: undefined/unknown
	Isolation level: READ_COMMITTED [default READ_COMMITTED]
	JDBC fetch size: 100
	Pool: DataSourceConnectionProvider
	Minimum pool size: undefined/unknown
	Maximum pool size: undefined/unknown
2026-02-27 11:46:09.423  INFO --- [main] o.h.o.core                               : HHH000489: No JTA platform available (set 'hibernate.transaction.jta.platform' to enable JTA platform integration)
2026-02-27 11:46:09.441  INFO --- [main] j.LocalContainerEntityManagerFactoryBean : Initialized JPA EntityManagerFactory for persistence unit 'default'
2026-02-27 11:46:09.613  INFO --- [main] c.t.b.r.EmployeeRepositoryTests          : Started EmployeeRepositoryTests in 0.578 seconds (process running for 16.792)
2026-02-27 11:46:10.227  INFO --- [SpringApplicationShutdownHook] j.LocalContainerEntityManagerFactoryBean : Closing JPA EntityManagerFactory for persistence unit 'default'
2026-02-27 11:46:10.236  INFO --- [SpringApplicationShutdownHook] c.z.h.HikariDataSource                   : HikariPool-1 - Shutdown initiated...
2026-02-27 11:46:10.237  INFO --- [SpringApplicationShutdownHook] c.z.h.HikariDataSource                   : HikariPool-1 - Shutdown completed.
2026-02-27 11:46:10.240  INFO --- [SpringApplicationShutdownHook] o.s.b.t.GracefulShutdown                 : Commencing graceful shutdown. Waiting for active requests to complete
2026-02-27 11:46:10.251  INFO --- [tomcat-shutdown] o.s.b.t.GracefulShutdown                 : Graceful shutdown complete
2026-02-27 11:46:10.257  INFO --- [SpringApplicationShutdownHook] j.LocalContainerEntityManagerFactoryBean : Closing JPA EntityManagerFactory for persistence unit 'default'
2026-02-27 11:46:10.263  INFO --- [SpringApplicationShutdownHook] c.z.h.HikariDataSource                   : HikariPool-2 - Shutdown initiated...
2026-02-27 11:46:10.264  INFO --- [SpringApplicationShutdownHook] c.z.h.HikariDataSource                   : HikariPool-2 - Shutdown completed.
2026-02-27 11:46:10.270  INFO --- [SpringApplicationShutdownHook] j.LocalContainerEntityManagerFactoryBean : Closing JPA EntityManagerFactory for persistence unit 'default'
