2026-03-09 12:39:33.201  INFO --- [restartedMain] c.t.b.Batch15Application                 : Starting Batch15Application using Java 25.0.2 with PID 46196 (C:\SpringBoot-Project\batch15\target\classes started by rajas in C:\SpringBoot-Project)
2026-03-09 12:39:33.220 DEBUG --- [restartedMain] c.t.b.Batch15Application                 : Running with Spring Boot v4.0.2, Spring v7.0.3
2026-03-09 12:39:33.221  INFO --- [restartedMain] c.t.b.Batch15Application                 : The following 1 profile is active: "DEV"
2026-03-09 12:39:33.392  INFO --- [restartedMain] .e.DevToolsPropertyDefaultsPostProcessor : Devtools property defaults active! Set 'spring.devtools.add-properties' to 'false' to disable
2026-03-09 12:39:33.393  INFO --- [restartedMain] .e.DevToolsPropertyDefaultsPostProcessor : For additional web related logging consider setting the 'logging.level.web' property to 'DEBUG'
2026-03-09 12:39:37.719  INFO --- [restartedMain] .s.d.r.c.RepositoryConfigurationDelegate : Bootstrapping Spring Data JPA repositories in DEFAULT mode.
2026-03-09 12:39:38.330  INFO --- [restartedMain] .s.d.r.c.RepositoryConfigurationDelegate : Finished Spring Data repository scanning in 581 ms. Found 16 JPA repository interfaces.
2026-03-09 12:39:39.295  INFO --- [restartedMain] o.s.c.c.s.GenericScope                   : BeanFactory id=87a8111c-99df-33ec-919a-c63b780705b8
2026-03-09 12:39:40.556  INFO --- [restartedMain] o.s.b.t.TomcatWebServer                  : Tomcat initialized with port 8080 (http)
2026-03-09 12:39:40.585  INFO --- [restartedMain] o.a.c.h.Http11NioProtocol                : Initializing ProtocolHandler ["http-nio-8080"]
2026-03-09 12:39:40.589  INFO --- [restartedMain] o.a.c.c.StandardService                  : Starting service [Tomcat]
2026-03-09 12:39:40.590  INFO --- [restartedMain] o.a.c.c.StandardEngine                   : Starting Servlet engine: [Apache Tomcat/11.0.15]
2026-03-09 12:39:40.748  INFO --- [restartedMain] b.w.c.s.WebApplicationContextInitializer : Root WebApplicationContext: initialization completed in 7353 ms
2026-03-09 12:39:41.355  INFO --- [restartedMain] o.h.o.jpa                                : HHH008540: Processing PersistenceUnitInfo [name: default]
2026-03-09 12:39:41.493  INFO --- [restartedMain] o.h.o.core                               : HHH000001: Hibernate ORM core version 7.2.1.Final
2026-03-09 12:39:42.549  INFO --- [restartedMain] o.s.o.j.p.SpringPersistenceUnitInfo      : No LoadTimeWeaver setup: ignoring JPA class transformer
2026-03-09 12:39:42.605  INFO --- [restartedMain] c.z.h.HikariDataSource                   : HikariPool-1 - Starting...
2026-03-09 12:39:43.289  INFO --- [restartedMain] c.z.h.p.HikariPool                       : HikariPool-1 - Added connection com.mysql.cj.jdbc.ConnectionImpl@6694d452
2026-03-09 12:39:43.291  INFO --- [restartedMain] c.z.h.HikariDataSource                   : HikariPool-1 - Start completed.
2026-03-09 12:39:43.404  WARN --- [restartedMain] o.h.o.deprecation                        : HHH90000025: MySQLDialect does not need to be specified explicitly using 'hibernate.dialect' (remove the property setting and it will be selected by default)
2026-03-09 12:39:43.439  INFO --- [restartedMain] o.h.o.c.pooling                          : HHH10001005: Database info:
	Database JDBC URL [jdbc:mysql://localhost:3306/springbatch15]
	Database driver: MySQL Connector/J
	Database dialect: MySQLDialect
	Database version: 8.0.45
	Default catalog/schema: springbatch15/undefined
	Autocommit mode: undefined/unknown
	Isolation level: REPEATABLE_READ [default REPEATABLE_READ]
	JDBC fetch size: none
	Pool: DataSourceConnectionProvider
	Minimum pool size: undefined/unknown
	Maximum pool size: undefined/unknown
2026-03-09 12:39:45.476  INFO --- [restartedMain] o.h.o.core                               : HHH000489: No JTA platform available (set 'hibernate.transaction.jta.platform' to enable JTA platform integration)
2026-03-09 12:39:45.717  INFO --- [restartedMain] j.LocalContainerEntityManagerFactoryBean : Initialized JPA EntityManagerFactory for persistence unit 'default'
2026-03-09 12:39:45.822  INFO --- [restartedMain] o.s.d.j.r.q.QueryEnhancerFactories       : Hibernate is in classpath; If applicable, HQL parser will be used.
2026-03-09 12:39:46.289 DEBUG --- [restartedMain] c.t.b.s.AuthTokenFilter                  : Filter 'authTokenFilter' configured for use
2026-03-09 12:39:46.653  INFO --- [restartedMain] r$InitializeUserDetailsManagerConfigurer : Global AuthenticationManager configured with UserDetailsService bean with name userDetailsServiceImpl
2026-03-09 12:39:49.990  WARN --- [restartedMain] JpaBaseConfiguration$JpaWebConfiguration : spring.jpa.open-in-view is enabled by default. Therefore, database queries may be performed during view rendering. Explicitly configure spring.jpa.open-in-view to disable this warning
2026-03-09 12:39:51.665  INFO --- [restartedMain] o.s.b.h.a.H2ConsoleAutoConfiguration     : H2 console available at '/h2-console'. Database available at 'jdbc:mysql://localhost:3306/springbatch15'
2026-03-09 12:39:51.829  INFO --- [restartedMain] o.s.b.a.e.w.EndpointLinksResolver        : Exposing 14 endpoints beneath base path '/actuator'
2026-03-09 12:39:52.089  INFO --- [restartedMain] o.a.c.h.Http11NioProtocol                : Starting ProtocolHandler ["http-nio-8080"]
2026-03-09 12:39:52.129  INFO --- [restartedMain] o.s.b.t.TomcatWebServer                  : Tomcat started on port 8080 (http) with context path '/'
2026-03-09 12:39:52.154  INFO --- [restartedMain] c.t.b.Batch15Application                 : Started Batch15Application in 20.497 seconds (process running for 22.974)
2026-03-09 12:39:52.450 DEBUG --- [restartedMain] c.t.b.Batch15Application                 : Debug Level
2026-03-09 12:39:52.450  INFO --- [restartedMain] c.t.b.Batch15Application                 : Info Leve
2026-03-09 12:39:52.451  WARN --- [restartedMain] c.t.b.Batch15Application                 : Warn Level
2026-03-09 12:39:52.451 ERROR --- [restartedMain] c.t.b.Batch15Application                 : Error Level
2026-03-09 12:39:52.452 FATAL --- [restartedMain] c.t.b.Batch15Application                 : Fatal Level
2026-03-09 12:40:01.096  INFO --- [http-nio-8080-exec-2] o.a.c.c.C.[.[.[/]                        : Initializing Spring DispatcherServlet 'dispatcherServlet'
2026-03-09 12:40:01.097  INFO --- [http-nio-8080-exec-2] o.s.w.s.DispatcherServlet                : Initializing Servlet 'dispatcherServlet'
2026-03-09 12:40:01.102  INFO --- [http-nio-8080-exec-2] o.s.w.s.DispatcherServlet                : Completed initialization in 4 ms
2026-03-09 12:40:03.034  WARN --- [http-nio-8080-exec-2] .m.m.a.ExceptionHandlerExceptionResolver : Resolved [org.springframework.security.authentication.BadCredentialsException: Bad credentials]
